{"C:\\Data\\GitProfile\\SPFX_with_Jest\\jest\\fileMock.js": {"path":"C:\\Data\\GitProfile\\SPFX_with_Jest\\jest\\fileMock.js","statementMap":{"0":{"start":{"line":1,"column":0},"end":{"line":1,"column":34}}},"fnMap":{},"branchMap":{},"s":{"0":1},"f":{},"b":{},"inputSourceMap":null,"_coverageSchema":"1a1c01bbd47fc00a2c39e90264f33305004495a9","hash":"05e5dd14469f723535ba2edad4fe707e6a713672"}
,"C:\\Data\\GitProfile\\SPFX_with_Jest\\src\\webparts\\sampleWithJest\\components\\SampleWithJest.tsx": {"path":"C:\\Data\\GitProfile\\SPFX_with_Jest\\src\\webparts\\sampleWithJest\\components\\SampleWithJest.tsx","statementMap":{"0":{"start":{"line":1,"column":0},"end":{"line":1,"column":31}},"1":{"start":{"line":2,"column":0},"end":{"line":2,"column":50}},"2":{"start":{"line":4,"column":0},"end":{"line":4,"column":53}},"3":{"start":{"line":6,"column":0},"end":{"line":6,"column":85}},"4":{"start":{"line":6,"column":44},"end":{"line":6,"column":49}},"5":{"start":{"line":7,"column":9},"end":{"line":42,"column":null}},"6":{"start":{"line":14,"column":8},"end":{"line":14,"column":18}},"7":{"start":{"line":9,"column":17},"end":{"line":9,"column":null}},"8":{"start":{"line":10,"column":17},"end":{"line":10,"column":null}},"9":{"start":{"line":11,"column":24},"end":{"line":11,"column":null}},"10":{"start":{"line":12,"column":21},"end":{"line":12,"column":null}},"11":{"start":{"line":13,"column":21},"end":{"line":13,"column":null}},"12":{"start":{"line":16,"column":4},"end":{"line":41,"column":6}},"13":{"start":{"line":43,"column":0},"end":{"line":43,"column":null}}},"fnMap":{"0":{"name":"(anonymous_6)","decl":{"start":{"line":6,"column":0},"end":{"line":6,"column":44}},"loc":{"start":{"line":6,"column":0},"end":{"line":43,"column":null}}},"1":{"name":"(anonymous_8)","decl":{"start":{"line":7,"column":2},"end":{"line":7,"column":9}},"loc":{"start":{"line":7,"column":2},"end":{"line":42,"column":3}}}},"branchMap":{"0":{"loc":{"start":{"line":17,"column":54},"end":{"line":17,"column":89}},"type":"cond-expr","locations":[{"start":{"line":17,"column":72},"end":{"line":17,"column":84}},{"start":{"line":17,"column":87},"end":{"line":17,"column":89}}]},"1":{"loc":{"start":{"line":19,"column":27},"end":{"line":19,"column":119}},"type":"cond-expr","locations":[{"start":{"line":19,"column":41},"end":{"line":19,"column":78}},{"start":{"line":19,"column":81},"end":{"line":19,"column":119}}]}},"s":{"0":1,"1":1,"2":1,"3":1,"4":1,"5":1,"6":5,"7":5,"8":5,"9":5,"10":5,"11":5,"12":5,"13":1},"f":{"0":6,"1":5},"b":{"0":[5,0],"1":[0,5]}}
}
